2023-08-24 11:07:05 [scrapy.utils.log] INFO: Scrapy 2.10.0 started (bot: trapper)
2023-08-24 11:07:05 [scrapy.utils.log] INFO: Versions: lxml 4.9.3.0, libxml2 2.10.3, cssselect 1.2.0, parsel 1.8.1, w3lib 2.1.2, Twisted 22.10.0, Python 3.11.4 (main, Jul 25 2023, 17:36:13) [Clang 14.0.3 (clang-1403.0.22.14.1)], pyOpenSSL 23.2.0 (OpenSSL 3.1.2 1 Aug 2023), cryptography 41.0.3, Platform macOS-13.3-arm64-arm-64bit
2023-08-24 11:07:05 [scrapy.addons] INFO: Enabled addons:
[]
2023-08-24 11:07:05 [scrapy.crawler] INFO: Overridden settings:
{'BOT_NAME': 'trapper',
 'FEED_EXPORT_ENCODING': 'utf-8',
 'LOG_FILE': 'logs/default/aljazeera/task_1_2023-08-24T11_07_00.log',
 'NEWSPIDER_MODULE': 'trapper.spiders',
 'REQUEST_FINGERPRINTER_IMPLEMENTATION': '2.7',
 'SPIDER_MODULES': ['trapper.spiders'],
 'TWISTED_REACTOR': 'twisted.internet.asyncioreactor.AsyncioSelectorReactor'}
2023-08-24 11:07:05 [asyncio] DEBUG: Using selector: KqueueSelector
2023-08-24 11:07:05 [scrapy.utils.log] DEBUG: Using reactor: twisted.internet.asyncioreactor.AsyncioSelectorReactor
2023-08-24 11:07:05 [scrapy.utils.log] DEBUG: Using asyncio event loop: asyncio.unix_events._UnixSelectorEventLoop
2023-08-24 11:07:05 [scrapy.extensions.telnet] INFO: Telnet Password: b3c04e14581df569
2023-08-24 11:07:05 [scrapy.middleware] INFO: Enabled extensions:
['scrapy.extensions.corestats.CoreStats',
 'scrapy.extensions.telnet.TelnetConsole',
 'scrapy.extensions.memusage.MemoryUsage',
 'scrapy.extensions.logstats.LogStats']
2023-08-24 11:07:05 [scrapy.middleware] INFO: Enabled downloader middlewares:
['scrapy.downloadermiddlewares.httpauth.HttpAuthMiddleware',
 'scrapy.downloadermiddlewares.downloadtimeout.DownloadTimeoutMiddleware',
 'scrapy.downloadermiddlewares.defaultheaders.DefaultHeadersMiddleware',
 'scrapy.downloadermiddlewares.useragent.UserAgentMiddleware',
 'trapper.middlewares.TrapperDownloaderMiddleware',
 'scrapy.downloadermiddlewares.retry.RetryMiddleware',
 'scrapy.downloadermiddlewares.redirect.MetaRefreshMiddleware',
 'scrapy.downloadermiddlewares.httpcompression.HttpCompressionMiddleware',
 'scrapy.downloadermiddlewares.redirect.RedirectMiddleware',
 'scrapy.downloadermiddlewares.cookies.CookiesMiddleware',
 'scrapy.downloadermiddlewares.httpproxy.HttpProxyMiddleware',
 'scrapy.downloadermiddlewares.stats.DownloaderStats']
2023-08-24 11:07:05 [scrapy.middleware] INFO: Enabled spider middlewares:
['scrapy.spidermiddlewares.httperror.HttpErrorMiddleware',
 'scrapy.spidermiddlewares.offsite.OffsiteMiddleware',
 'scrapy.spidermiddlewares.referer.RefererMiddleware',
 'scrapy.spidermiddlewares.urllength.UrlLengthMiddleware',
 'scrapy.spidermiddlewares.depth.DepthMiddleware']
2023-08-24 11:07:05 [scrapy.middleware] INFO: Enabled item pipelines:
[]
2023-08-24 11:07:05 [scrapy.core.engine] INFO: Spider opened
2023-08-24 11:07:05 [scrapy.extensions.logstats] INFO: Crawled 0 pages (at 0 pages/min), scraped 0 items (at 0 items/min)
2023-08-24 11:07:05 [aljazeera] INFO: Spider opened: aljazeera
2023-08-24 11:07:05 [scrapy.extensions.telnet] INFO: Telnet console listening on 127.0.0.1:6024
2023-08-24 11:07:09 [scrapy.downloadermiddlewares.redirect] DEBUG: Redirecting (301) to <GET https://www.aljazeera.com/africa/> from <GET https://www.aljazeera.com/africa>
2023-08-24 11:07:10 [scrapy.core.engine] DEBUG: Crawled (200) <GET https://www.aljazeera.com/investigations> (referer: None)
2023-08-24 11:07:10 [scrapy.core.scraper] DEBUG: Scraped from <200 https://www.aljazeera.com/investigations>
{'category': 'investigations',
 'headline': 'How a Gold Mafia is looting Southern Africa, washing dirty cash',
 'link': 'https://www.aljazeera.com/news/2023/3/23/gold-mafia-looting-southern-africa',
 'postdate': ('2023-03-23',),
 'source': 'aljazeera'}
2023-08-24 11:07:10 [scrapy.core.scraper] DEBUG: Scraped from <200 https://www.aljazeera.com/investigations>
{'category': 'investigations',
 'headline': 'Who are the Gold Mafia? Godmen, conmen and a presidents niece',
 'link': 'https://www.aljazeera.com/news/2023/3/23/gold-mafia-godmen-conmen-president-niece',
 'postdate': ('2023-03-23',),
 'source': 'aljazeera'}
2023-08-24 11:07:10 [scrapy.core.scraper] DEBUG: Scraped from <200 https://www.aljazeera.com/investigations>
{'category': 'investigations',
 'headline': 'Top Zimbabwe ambassador involved in gold smuggling scheme',
 'link': 'https://www.aljazeera.com/news/2023/3/23/top-zimbabwe-ambassador-gold-smuggling',
 'postdate': ('2023-03-23',),
 'source': 'aljazeera'}
2023-08-24 11:07:10 [scrapy.core.scraper] DEBUG: Scraped from <200 https://www.aljazeera.com/investigations>
{'category': 'investigations',
 'headline': 'Gold smuggler tied to Kenyan plunder is back  now in Zimbabwe',
 'link': 'https://www.aljazeera.com/news/2023/3/23/gold-smuggler-pattni-kenya-zimbabwe',
 'postdate': ('2023-03-23',),
 'source': 'aljazeera'}
2023-08-24 11:07:10 [scrapy.core.engine] DEBUG: Crawled (200) <GET https://www.aljazeera.com/middle-east> (referer: None)
2023-08-24 11:07:10 [scrapy.core.scraper] DEBUG: Scraped from <200 https://www.aljazeera.com/middle-east>
{'category': 'middle-east',
 'headline': 'Egyptian opposition activist transferred to prison to await '
             'trial',
 'link': 'https://www.aljazeera.com/news/2023/8/23/egyptian-opposition-activist-transferred-to-prison-to-await-trial',
 'postdate': ('2023-08-23',),
 'source': 'aljazeera'}
2023-08-24 11:07:10 [scrapy.core.scraper] DEBUG: Scraped from <200 https://www.aljazeera.com/middle-east>
{'category': 'middle-east',
 'headline': 'Two dead in Lebanon military helicopter crash',
 'link': 'https://www.aljazeera.com/news/2023/8/23/two-dead-in-lebanon-military-helicopter-crash',
 'postdate': ('2023-08-23',),
 'source': 'aljazeera'}
2023-08-24 11:07:10 [scrapy.core.scraper] DEBUG: Scraped from <200 https://www.aljazeera.com/middle-east>
{'category': 'middle-east',
 'headline': 'Israel approves increase in gas exports to Egypt',
 'link': 'https://www.aljazeera.com/economy/2023/8/23/israel-approves-increase-in-gas-exports-to-egypt',
 'postdate': ('2023-08-23',),
 'source': 'aljazeera'}
2023-08-24 11:07:10 [scrapy.core.scraper] DEBUG: Scraped from <200 https://www.aljazeera.com/middle-east>
{'category': 'middle-east',
 'headline': 'All-women Arab bands blazing a trail in Syria and Morocco',
 'link': 'https://www.aljazeera.com/program/al-jazeera-world/2023/8/23/all-women-arab-bands-blazing-a-trail-in-syria-and-morocco',
 'postdate': ('2023-08-23',),
 'source': 'aljazeera'}
2023-08-24 11:07:10 [scrapy.core.scraper] DEBUG: Scraped from <200 https://www.aljazeera.com/middle-east>
{'category': 'middle-east',
 'headline': 'Extreme weather brings winds, fierce rains to Saudi Arabias '
             'Mecca',
 'link': 'https://www.aljazeera.com/news/2023/8/23/extreme-weather-brings-winds-fierce-rains-to-saudi-arabias-mecca',
 'postdate': ('2023-08-23',),
 'source': 'aljazeera'}
2023-08-24 11:07:10 [scrapy.core.scraper] DEBUG: Scraped from <200 https://www.aljazeera.com/middle-east>
{'category': 'middle-east',
 'headline': 'Russian air raids kill two civilians in northwest Syria',
 'link': 'https://www.aljazeera.com/news/2023/8/23/russian-air-raids-kill-two-civilians-in-northwest-syria',
 'postdate': ('2023-08-23',),
 'source': 'aljazeera'}
2023-08-24 11:07:10 [scrapy.core.scraper] DEBUG: Scraped from <200 https://www.aljazeera.com/middle-east>
{'category': 'middle-east',
 'headline': 'Gaza fisherfolk can only dream of fishing freely under Israels '
             'blockade',
 'link': 'https://www.aljazeera.com/news/2023/8/23/gaza-fisherfolk-can-only-dream-of-fishing-freely-under-israels-blockade',
 'postdate': ('2023-08-23',),
 'source': 'aljazeera'}
2023-08-24 11:07:10 [scrapy.core.scraper] DEBUG: Scraped from <200 https://www.aljazeera.com/middle-east>
{'category': 'middle-east',
 'headline': 'Turkey wants Iraq to designate PKK a terrorist organisation: Top '
             'diplomat',
 'link': 'https://www.aljazeera.com/news/2023/8/23/turkey-wants-iraq-to-designate-pkk-a-terrorist-organisation-top-diplomat',
 'postdate': ('2023-08-23',),
 'source': 'aljazeera'}
2023-08-24 11:07:10 [scrapy.core.scraper] DEBUG: Scraped from <200 https://www.aljazeera.com/middle-east>
{'category': 'middle-east',
 'headline': 'Changing tack, UN to seek a unified Libyan government before '
             'elections',
 'link': 'https://www.aljazeera.com/news/2023/8/23/changing-tack-un-to-seek-a-unified-libyan-government-before-elections',
 'postdate': ('2023-08-23',),
 'source': 'aljazeera'}
2023-08-24 11:07:10 [scrapy.core.scraper] DEBUG: Scraped from <200 https://www.aljazeera.com/middle-east>
{'category': 'middle-east',
 'headline': 'As Saied entrenches himself in power, police brutality grows in '
             'Tunisia',
 'link': 'https://www.aljazeera.com/news/2023/8/23/as-saied-entrenches-himself-in-power-police-brutality-grows-in-tunisia',
 'postdate': ('2023-08-23',),
 'source': 'aljazeera'}
2023-08-24 11:07:10 [scrapy.core.scraper] DEBUG: Scraped from <200 https://www.aljazeera.com/middle-east>
{'category': 'middle-east',
 'headline': 'Suez Canal ship traffic reported normal after tanker collision',
 'link': 'https://www.aljazeera.com/economy/2023/8/23/suez-canal-ship-traffic-reported-normal-after-tanker-collision',
 'postdate': ('2023-08-23',),
 'source': 'aljazeera'}
2023-08-24 11:07:10 [scrapy.core.scraper] DEBUG: Scraped from <200 https://www.aljazeera.com/middle-east>
{'category': 'middle-east',
 'headline': 'New York Mayor Eric Adams meets with Netanyahu, protest leaders '
             'in Israel',
 'link': 'https://www.aljazeera.com/news/2023/8/22/new-york-mayor-eric-adams-meets-with-netanyahu-protest-leaders-in-israel',
 'postdate': ('2023-08-22',),
 'source': 'aljazeera'}
2023-08-24 11:07:10 [scrapy.core.scraper] DEBUG: Scraped from <200 https://www.aljazeera.com/middle-east>
{'category': 'middle-east',
 'headline': 'Fighting for army base rages for third day in Sudans capital '
             'Khartoum',
 'link': 'https://www.aljazeera.com/news/2023/8/22/fighting-for-army-base-rages-for-third-day-in-sudans-capital-khartoum',
 'postdate': ('2023-08-22',),
 'source': 'aljazeera'}
2023-08-24 11:07:10 [scrapy.core.scraper] DEBUG: Scraped from <200 https://www.aljazeera.com/middle-east>
{'category': 'middle-east',
 'headline': 'US-Iran prisoner swap deal is on track, says White House '
             'official',
 'link': 'https://www.aljazeera.com/news/2023/8/22/us-iran-prisoner-swap-deal-is-on-track-says-white-house-official',
 'postdate': ('2023-08-22',),
 'source': 'aljazeera'}
2023-08-24 11:07:11 [scrapy.downloadermiddlewares.redirect] DEBUG: Redirecting (301) to <GET https://www.aljazeera.com/asia/> from <GET https://www.aljazeera.com/asia>
2023-08-24 11:07:11 [scrapy.core.engine] DEBUG: Crawled (200) <GET https://www.aljazeera.com/economy> (referer: None)
2023-08-24 11:07:11 [scrapy.core.engine] DEBUG: Crawled (200) <GET https://www.aljazeera.com/interactives> (referer: None)
2023-08-24 11:07:11 [scrapy.core.scraper] DEBUG: Scraped from <200 https://www.aljazeera.com/economy>
{'category': 'economy',
 'headline': 'Can BRICS dethrone the US dollar? Itll be an uphill climb, '
             'experts say',
 'link': 'https://www.aljazeera.com/features/2023/8/24/can-brics-dethrone-the-us-dollar-itll-be-an-uphill-climb-experts-say',
 'postdate': ('2023-08-24',),
 'source': 'aljazeera'}
2023-08-24 11:07:11 [scrapy.core.scraper] DEBUG: Scraped from <200 https://www.aljazeera.com/economy>
{'category': 'economy',
 'headline': 'Asias poor grew by 68 million people after pandemic, report says',
 'link': 'https://www.aljazeera.com/economy/2023/8/24/asias-poor-grew-by-68-million-people-after-pandemic-report-says',
 'postdate': ('2023-08-24',),
 'source': 'aljazeera'}
2023-08-24 11:07:11 [scrapy.core.scraper] DEBUG: Scraped from <200 https://www.aljazeera.com/economy>
{'category': 'economy',
 'headline': 'Indonesias dog meat sellers fear for future after crackdowns on '
             'trade',
 'link': 'https://www.aljazeera.com/economy/2023/8/24/indonesias-dog-meat-sellers-fear-for-future-after-crackdowns-on-trade',
 'postdate': ('2023-08-24',),
 'source': 'aljazeera'}
2023-08-24 11:07:11 [scrapy.core.scraper] DEBUG: Scraped from <200 https://www.aljazeera.com/economy>
{'category': 'economy',
 'headline': 'US charges crypto founders over alleged support for North Korean '
             'hackers',
 'link': 'https://www.aljazeera.com/economy/2023/8/24/us-charges-crypto-founders-over-alleged-support-for-north-korean-hackers',
 'postdate': ('2023-08-24',),
 'source': 'aljazeera'}
2023-08-24 11:07:11 [scrapy.core.scraper] DEBUG: Scraped from <200 https://www.aljazeera.com/economy>
{'category': 'economy',
 'headline': 'Hegemonism not in Chinas DNA: Xi calls for BRICS expansion',
 'link': 'https://www.aljazeera.com/economy/2023/8/23/hegemonism-not-in-chinas-dna-xi-calls-for-brics-expansion',
 'postdate': ('2023-08-23',),
 'source': 'aljazeera'}
2023-08-24 11:07:11 [scrapy.core.scraper] DEBUG: Scraped from <200 https://www.aljazeera.com/economy>
{'category': 'economy',
 'headline': 'US chip designer Nvidia forecasts Q3 rev above target, shares '
             'soar',
 'link': 'https://www.aljazeera.com/economy/2023/8/23/us-chip-designer-nvidia-forecasts-q3-rev-above-target-shares-soar',
 'postdate': ('2023-08-23',),
 'source': 'aljazeera'}
2023-08-24 11:07:11 [scrapy.core.scraper] DEBUG: Scraped from <200 https://www.aljazeera.com/economy>
{'category': 'economy',
 'headline': 'With tech workers gone, what is the future of San Francisco?',
 'link': 'https://www.aljazeera.com/economy/2023/8/23/with-tech-workers-gone-what-is-the-future-of-san-francisco',
 'postdate': ('2023-08-23',),
 'source': 'aljazeera'}
2023-08-24 11:07:11 [scrapy.core.scraper] DEBUG: Scraped from <200 https://www.aljazeera.com/economy>
{'category': 'economy',
 'headline': 'US SEC overhauls rules for $20 trillion private fund industry',
 'link': 'https://www.aljazeera.com/economy/2023/8/23/us-sec-overhauls-rules-for-20-trillion-private-fund-industry',
 'postdate': ('2023-08-23',),
 'source': 'aljazeera'}
2023-08-24 11:07:11 [scrapy.core.scraper] DEBUG: Scraped from <200 https://www.aljazeera.com/economy>
{'category': 'economy',
 'headline': 'Israel approves increase in gas exports to Egypt',
 'link': 'https://www.aljazeera.com/economy/2023/8/23/israel-approves-increase-in-gas-exports-to-egypt',
 'postdate': ('2023-08-23',),
 'source': 'aljazeera'}
2023-08-24 11:07:11 [scrapy.core.scraper] DEBUG: Scraped from <200 https://www.aljazeera.com/economy>
{'category': 'economy',
 'headline': 'US commerce secretary meets China envoy before trip to stabilise '
             'ties',
 'link': 'https://www.aljazeera.com/economy/2023/8/23/us-commerce-secretary-meets-china-envoy-before-trip-to-stabilise-ties',
 'postdate': ('2023-08-23',),
 'source': 'aljazeera'}
2023-08-24 11:07:11 [scrapy.core.scraper] DEBUG: Scraped from <200 https://www.aljazeera.com/economy>
{'category': 'economy',
 'headline': 'Suez Canal ship traffic reported normal after tanker collision',
 'link': 'https://www.aljazeera.com/economy/2023/8/23/suez-canal-ship-traffic-reported-normal-after-tanker-collision',
 'postdate': ('2023-08-23',),
 'source': 'aljazeera'}
2023-08-24 11:07:11 [scrapy.core.scraper] DEBUG: Scraped from <200 https://www.aljazeera.com/economy>
{'category': 'economy',
 'headline': 'Microsoft revamps Activision deal to get UK approval',
 'link': 'https://www.aljazeera.com/economy/2023/8/22/microsoft-revamps-activision-deal-to-get-uk-approval',
 'postdate': ('2023-08-22',),
 'source': 'aljazeera'}
2023-08-24 11:07:11 [scrapy.core.scraper] DEBUG: Scraped from <200 https://www.aljazeera.com/economy>
{'category': 'economy',
 'headline': 'EUs new rules for tech giants are about to kick in: All you need '
             'to know',
 'link': 'https://www.aljazeera.com/news/2023/8/22/eus-new-rules-for-tech-giants-are-about-to-kick-in-all-you-need-to-know',
 'postdate': ('2023-08-22',),
 'source': 'aljazeera'}
2023-08-24 11:07:11 [scrapy.core.scraper] DEBUG: Scraped from <200 https://www.aljazeera.com/economy>
{'category': 'economy',
 'headline': 'FTXs Sam Bankman-Fried subsisting on bread and water in jail: '
             'lawyer',
 'link': 'https://www.aljazeera.com/economy/2023/8/22/bankman-fried-subsisting-on-bread-and-water-in-jail-lawyer-says',
 'postdate': ('2023-08-22',),
 'source': 'aljazeera'}
2023-08-24 11:07:11 [scrapy.core.engine] DEBUG: Crawled (200) <GET https://www.aljazeera.com/europe> (referer: None)
2023-08-24 11:07:11 [scrapy.core.scraper] DEBUG: Scraped from <200 https://www.aljazeera.com/interactives>
{'category': 'interactives',
 'headline': 'Mapping the scale of Canadas record wildfires',
 'link': 'https://www.aljazeera.com/news/2023/8/23/mapping-the-scale-of-canadas-record-wildfires',
 'postdate': ('2023-08-23',),
 'source': 'aljazeera'}
2023-08-24 11:07:11 [scrapy.core.scraper] DEBUG: Scraped from <200 https://www.aljazeera.com/interactives>
{'category': 'interactives',
 'headline': 'Infographic: Breastfeeding benefits and challenges',
 'link': 'https://www.aljazeera.com/news/2023/8/1/infographic-breastfeeding-benefits-and-challenges-2',
 'postdate': ('2023-08-01',),
 'source': 'aljazeera'}
2023-08-24 11:07:11 [scrapy.core.scraper] DEBUG: Scraped from <200 https://www.aljazeera.com/interactives>
{'category': 'interactives',
 'headline': 'How much do you know about the Womens World Cup?',
 'link': 'https://www.aljazeera.com/sports/longform/2023/7/17/how-much-do-you-know-about-the-fifa-womens-world-cup',
 'postdate': ('2023-07-17',),
 'source': 'aljazeera'}
2023-08-24 11:07:11 [scrapy.core.scraper] DEBUG: Scraped from <200 https://www.aljazeera.com/interactives>
{'category': 'interactives',
 'headline': 'What is a supermoon?',
 'link': 'https://www.aljazeera.com/news/2023/7/31/what-is-a-supermoon',
 'postdate': ('2023-07-31',),
 'source': 'aljazeera'}
2023-08-24 11:07:11 [scrapy.core.scraper] DEBUG: Scraped from <200 https://www.aljazeera.com/interactives>
{'category': 'interactives',
 'headline': 'How to stay cool and safe during this summer heatwave',
 'link': 'https://www.aljazeera.com/news/2023/7/18/how-to-stay-cool-and-safe-during-this-summer-heatwave',
 'postdate': ('2023-07-18',),
 'source': 'aljazeera'}
2023-08-24 11:07:11 [scrapy.core.scraper] DEBUG: Scraped from <200 https://www.aljazeera.com/interactives>
{'category': 'interactives',
 'headline': 'Why has July seen record-high temperatures, and what was the '
             'human cost?',
 'link': 'https://www.aljazeera.com/news/2023/7/31/july-set-to-become-worlds-hottest-month-on-record-what-happened',
 'postdate': ('2023-07-31',),
 'source': 'aljazeera'}
2023-08-24 11:07:11 [scrapy.core.scraper] DEBUG: Scraped from <200 https://www.aljazeera.com/interactives>
{'category': 'interactives',
 'headline': 'The countries hit the hardest by Russias grain deal exit',
 'link': 'https://www.aljazeera.com/news/2023/7/17/as-russia-exits-grain-deal-which-countries-will-be-affected',
 'postdate': ('2023-07-17',),
 'source': 'aljazeera'}
2023-08-24 11:07:11 [scrapy.core.scraper] DEBUG: Scraped from <200 https://www.aljazeera.com/interactives>
{'category': 'interactives',
 'headline': 'What is Indias Chandrayaan moon mission and when will it launch?',
 'link': 'https://www.aljazeera.com/news/2023/7/14/what-is-indias-chandrayaan-moon-mission-and-when-will-it-launch',
 'postdate': ('2023-07-14',),
 'source': 'aljazeera'}
2023-08-24 11:07:11 [scrapy.core.scraper] DEBUG: Scraped from <200 https://www.aljazeera.com/interactives>
{'category': 'interactives',
 'headline': 'How does a country join NATO?',
 'link': 'https://www.aljazeera.com/news/2023/7/12/how-does-a-country-join-nato-2',
 'postdate': ('2023-07-12',),
 'source': 'aljazeera'}
2023-08-24 11:07:11 [scrapy.core.scraper] DEBUG: Scraped from <200 https://www.aljazeera.com/interactives>
{'category': 'interactives',
 'headline': 'World Population Day: What will the world look like in 2050?',
 'link': 'https://www.aljazeera.com/news/2023/7/11/world-population-day-what-will-the-world-look-like-in-2050',
 'postdate': ('2023-07-11',),
 'source': 'aljazeera'}
2023-08-24 11:07:11 [scrapy.core.scraper] DEBUG: Scraped from <200 https://www.aljazeera.com/interactives>
{'category': 'interactives',
 'headline': '500 days of war in Ukraine: At what cost?',
 'link': 'https://www.aljazeera.com/news/longform/2023/7/8/500-days-of-war-in-ukraine-at-what-cost',
 'postdate': ('2023-07-08',),
 'source': 'aljazeera'}
2023-08-24 11:07:11 [scrapy.core.scraper] DEBUG: Scraped from <200 https://www.aljazeera.com/interactives>
{'category': 'interactives',
 'headline': 'Mapping the hottest temperatures around the world',
 'link': 'https://www.aljazeera.com/news/2023/7/5/what-is-the-highest-temperature-ever-recorded-in-your-country-2',
 'postdate': ('2023-07-05',),
 'source': 'aljazeera'}
2023-08-24 11:07:11 [scrapy.core.scraper] DEBUG: Scraped from <200 https://www.aljazeera.com/interactives>
{'category': 'interactives',
 'headline': 'How many years does a typical user spend on social media?',
 'link': 'https://www.aljazeera.com/news/2023/6/30/how-many-years-does-a-typical-user-spend-on-social-media',
 'postdate': ('2023-06-30',),
 'source': 'aljazeera'}
2023-08-24 11:07:11 [scrapy.core.scraper] DEBUG: Scraped from <200 https://www.aljazeera.com/interactives>
{'category': 'interactives',
 'headline': 'On World Refugee Day, visualising the flow of 35 million '
             'refugees',
 'link': 'https://www.aljazeera.com/news/longform/2023/6/20/on-world-refugee-day-visualising-the-flow-of-35-million-refugees',
 'postdate': ('2023-06-20',),
 'source': 'aljazeera'}
2023-08-24 11:07:12 [scrapy.core.scraper] DEBUG: Scraped from <200 https://www.aljazeera.com/europe>
{'category': 'europe',
 'headline': 'Can BRICS dethrone the US dollar? Itll be an uphill climb, '
             'experts say',
 'link': 'https://www.aljazeera.com/features/2023/8/24/can-brics-dethrone-the-us-dollar-itll-be-an-uphill-climb-experts-say',
 'postdate': ('2023-08-24',),
 'source': 'aljazeera'}
2023-08-24 11:07:12 [scrapy.core.scraper] DEBUG: Scraped from <200 https://www.aljazeera.com/europe>
{'category': 'europe',
 'headline': 'Russia-Ukraine war: List of key events, day 547',
 'link': 'https://www.aljazeera.com/news/2023/8/24/russia-ukraine-war-list-of-key-events-day-547',
 'postdate': ('2023-08-24',),
 'source': 'aljazeera'}
2023-08-24 11:07:12 [scrapy.core.scraper] DEBUG: Scraped from <200 https://www.aljazeera.com/europe>
{'category': 'europe',
 'headline': 'Wagner boss Prigozhin reported killed in plane crash',
 'link': 'https://www.aljazeera.com/news/liveblog/2023/8/24/russia-ukraine-war-live-wagner-chief-prigozhin-reported-dead-in-jet-crash',
 'postdate': ('2023-08-24',),
 'source': 'aljazeera'}
2023-08-24 11:07:12 [scrapy.core.scraper] DEBUG: Scraped from <200 https://www.aljazeera.com/europe>
{'category': 'europe',
 'headline': 'Photos: Life of Prigozhin, chief of Wagner mercenary group',
 'link': 'https://www.aljazeera.com/gallery/2023/8/23/in-pictures-life-of-yevgeny-prigozhin-chief-of-wagner-mercenary-group',
 'postdate': ('2023-08-23',),
 'source': 'aljazeera'}
2023-08-24 11:07:12 [scrapy.core.scraper] DEBUG: Scraped from <200 https://www.aljazeera.com/europe>
{'category': 'europe',
 'headline': 'World reaction to possible death of Wagner chief Prigozhin',
 'link': 'https://www.aljazeera.com/news/2023/8/23/world-reaction-to-possible-death-of-wagner-chief-yevgeny-prigozhin',
 'postdate': ('2023-08-23',),
 'source': 'aljazeera'}
2023-08-24 11:07:12 [scrapy.core.scraper] DEBUG: Scraped from <200 https://www.aljazeera.com/europe>
{'category': 'europe',
 'headline': 'No survivors on board crashed plane carrying Wagner chief '
             'Prigozhin',
 'link': 'https://www.aljazeera.com/news/2023/8/23/private-plane-crashes-in-russia-with-wagner-group-chief-on-board',
 'postdate': ('2023-08-23',),
 'source': 'aljazeera'}
2023-08-24 11:07:12 [scrapy.core.scraper] DEBUG: Scraped from <200 https://www.aljazeera.com/europe>
{'category': 'europe',
 'headline': 'AstraZeneca faces two lawsuits in London over COVID-19 vaccine',
 'link': 'https://www.aljazeera.com/news/2023/8/23/astrazeneca-faces-two-lawsuits-in-london-over-covid-19-vaccine',
 'postdate': ('2023-08-23',),
 'source': 'aljazeera'}
2023-08-24 11:07:12 [scrapy.core.scraper] DEBUG: Scraped from <200 https://www.aljazeera.com/europe>
{'category': 'europe',
 'headline': 'UK carries out first-ever womb transplant as sister donates '
             'uterus',
 'link': 'https://www.aljazeera.com/news/2023/8/23/uk-carries-out-first-ever-womb-transplant',
 'postdate': ('2023-08-23',),
 'source': 'aljazeera'}
2023-08-24 11:07:12 [scrapy.core.scraper] DEBUG: Scraped from <200 https://www.aljazeera.com/europe>
{'category': 'europe',
 'headline': 'Hungary frees more than 1,400 foreign convicts, angering the EU',
 'link': 'https://www.aljazeera.com/news/2023/8/23/hungary-releases-over-1400-jailed-people-smugglers',
 'postdate': ('2023-08-23',),
 'source': 'aljazeera'}
2023-08-24 11:07:12 [scrapy.core.scraper] DEBUG: Scraped from <200 https://www.aljazeera.com/europe>
{'category': 'europe',
 'headline': 'Spain government demands transparent and urgent probe into '
             'Rubiales kiss',
 'link': 'https://www.aljazeera.com/news/2023/8/23/spain-government-demands-transparent-and-urgent-probe-into-rubiales-kiss',
 'postdate': ('2023-08-23',),
 'source': 'aljazeera'}
2023-08-24 11:07:12 [scrapy.core.scraper] DEBUG: Scraped from <200 https://www.aljazeera.com/europe>
{'category': 'europe',
 'headline': 'Absolute shambles: Criticism of Man Utd grows over Greenwood '
             'case',
 'link': 'https://www.aljazeera.com/sports/2023/8/23/criticism-manchester-united-handling-of-mason-greenwood-case',
 'postdate': ('2023-08-23',),
 'source': 'aljazeera'}
2023-08-24 11:07:12 [scrapy.core.scraper] DEBUG: Scraped from <200 https://www.aljazeera.com/europe>
{'category': 'europe',
 'headline': 'Firefighters in Greece struggle to contain wildfire near Athens',
 'link': 'https://www.aljazeera.com/news/2023/8/23/firefighters-in-greece-struggle-to-contain-wildfire-near-athens',
 'postdate': ('2023-08-23',),
 'source': 'aljazeera'}
2023-08-24 11:07:12 [scrapy.core.scraper] DEBUG: Scraped from <200 https://www.aljazeera.com/europe>
{'category': 'europe',
 'headline': 'Russian authorities say Wagner chief on board crashed jet',
 'link': 'https://www.aljazeera.com/news/liveblog/2023/8/23/russia-ukraine-live-kyiv-says-russian-drone-hit-odesa-grain-infrastructure',
 'postdate': ('2023-08-23',),
 'source': 'aljazeera'}
2023-08-24 11:07:12 [scrapy.core.scraper] DEBUG: Scraped from <200 https://www.aljazeera.com/europe>
{'category': 'europe',
 'headline': 'Russias General Surovikin dismissed as head of aerospace forces: '
             'Reports',
 'link': 'https://www.aljazeera.com/news/2023/8/23/russias-general-surovikin-dismissed-as-head-of-aerospace-forces-reports',
 'postdate': ('2023-08-23',),
 'source': 'aljazeera'}
2023-08-24 11:07:12 [scrapy.core.engine] DEBUG: Crawled (200) <GET https://www.aljazeera.com/interactives> (referer: None)
2023-08-24 11:07:12 [scrapy.core.engine] DEBUG: Crawled (200) <GET https://www.aljazeera.com/asia-pacific> (referer: None)
2023-08-24 11:07:12 [scrapy.core.scraper] DEBUG: Scraped from <200 https://www.aljazeera.com/interactives>
{'category': 'interactives',
 'headline': 'Mapping the scale of Canadas record wildfires',
 'link': 'https://www.aljazeera.com/news/2023/8/23/mapping-the-scale-of-canadas-record-wildfires',
 'postdate': ('2023-08-23',),
 'source': 'aljazeera'}
2023-08-24 11:07:12 [scrapy.core.scraper] DEBUG: Scraped from <200 https://www.aljazeera.com/interactives>
{'category': 'interactives',
 'headline': 'Infographic: Breastfeeding benefits and challenges',
 'link': 'https://www.aljazeera.com/news/2023/8/1/infographic-breastfeeding-benefits-and-challenges-2',
 'postdate': ('2023-08-01',),
 'source': 'aljazeera'}
2023-08-24 11:07:12 [scrapy.core.scraper] DEBUG: Scraped from <200 https://www.aljazeera.com/interactives>
{'category': 'interactives',
 'headline': 'How much do you know about the Womens World Cup?',
 'link': 'https://www.aljazeera.com/sports/longform/2023/7/17/how-much-do-you-know-about-the-fifa-womens-world-cup',
 'postdate': ('2023-07-17',),
 'source': 'aljazeera'}
2023-08-24 11:07:12 [scrapy.core.scraper] DEBUG: Scraped from <200 https://www.aljazeera.com/interactives>
{'category': 'interactives',
 'headline': 'What is a supermoon?',
 'link': 'https://www.aljazeera.com/news/2023/7/31/what-is-a-supermoon',
 'postdate': ('2023-07-31',),
 'source': 'aljazeera'}
2023-08-24 11:07:12 [scrapy.core.scraper] DEBUG: Scraped from <200 https://www.aljazeera.com/interactives>
{'category': 'interactives',
 'headline': 'How to stay cool and safe during this summer heatwave',
 'link': 'https://www.aljazeera.com/news/2023/7/18/how-to-stay-cool-and-safe-during-this-summer-heatwave',
 'postdate': ('2023-07-18',),
 'source': 'aljazeera'}
2023-08-24 11:07:12 [scrapy.core.scraper] DEBUG: Scraped from <200 https://www.aljazeera.com/interactives>
{'category': 'interactives',
 'headline': 'Why has July seen record-high temperatures, and what was the '
             'human cost?',
 'link': 'https://www.aljazeera.com/news/2023/7/31/july-set-to-become-worlds-hottest-month-on-record-what-happened',
 'postdate': ('2023-07-31',),
 'source': 'aljazeera'}
2023-08-24 11:07:12 [scrapy.core.scraper] DEBUG: Scraped from <200 https://www.aljazeera.com/interactives>
{'category': 'interactives',
 'headline': 'The countries hit the hardest by Russias grain deal exit',
 'link': 'https://www.aljazeera.com/news/2023/7/17/as-russia-exits-grain-deal-which-countries-will-be-affected',
 'postdate': ('2023-07-17',),
 'source': 'aljazeera'}
2023-08-24 11:07:12 [scrapy.core.scraper] DEBUG: Scraped from <200 https://www.aljazeera.com/interactives>
{'category': 'interactives',
 'headline': 'What is Indias Chandrayaan moon mission and when will it launch?',
 'link': 'https://www.aljazeera.com/news/2023/7/14/what-is-indias-chandrayaan-moon-mission-and-when-will-it-launch',
 'postdate': ('2023-07-14',),
 'source': 'aljazeera'}
2023-08-24 11:07:12 [scrapy.core.scraper] DEBUG: Scraped from <200 https://www.aljazeera.com/interactives>
{'category': 'interactives',
 'headline': 'How does a country join NATO?',
 'link': 'https://www.aljazeera.com/news/2023/7/12/how-does-a-country-join-nato-2',
 'postdate': ('2023-07-12',),
 'source': 'aljazeera'}
2023-08-24 11:07:12 [scrapy.core.scraper] DEBUG: Scraped from <200 https://www.aljazeera.com/interactives>
{'category': 'interactives',
 'headline': 'World Population Day: What will the world look like in 2050?',
 'link': 'https://www.aljazeera.com/news/2023/7/11/world-population-day-what-will-the-world-look-like-in-2050',
 'postdate': ('2023-07-11',),
 'source': 'aljazeera'}
2023-08-24 11:07:12 [scrapy.core.scraper] DEBUG: Scraped from <200 https://www.aljazeera.com/interactives>
{'category': 'interactives',
 'headline': '500 days of war in Ukraine: At what cost?',
 'link': 'https://www.aljazeera.com/news/longform/2023/7/8/500-days-of-war-in-ukraine-at-what-cost',
 'postdate': ('2023-07-08',),
 'source': 'aljazeera'}
2023-08-24 11:07:12 [scrapy.core.scraper] DEBUG: Scraped from <200 https://www.aljazeera.com/interactives>
{'category': 'interactives',
 'headline': 'Mapping the hottest temperatures around the world',
 'link': 'https://www.aljazeera.com/news/2023/7/5/what-is-the-highest-temperature-ever-recorded-in-your-country-2',
 'postdate': ('2023-07-05',),
 'source': 'aljazeera'}
2023-08-24 11:07:12 [scrapy.core.scraper] DEBUG: Scraped from <200 https://www.aljazeera.com/interactives>
{'category': 'interactives',
 'headline': 'How many years does a typical user spend on social media?',
 'link': 'https://www.aljazeera.com/news/2023/6/30/how-many-years-does-a-typical-user-spend-on-social-media',
 'postdate': ('2023-06-30',),
 'source': 'aljazeera'}
2023-08-24 11:07:12 [scrapy.core.scraper] DEBUG: Scraped from <200 https://www.aljazeera.com/interactives>
{'category': 'interactives',
 'headline': 'On World Refugee Day, visualising the flow of 35 million '
             'refugees',
 'link': 'https://www.aljazeera.com/news/longform/2023/6/20/on-world-refugee-day-visualising-the-flow-of-35-million-refugees',
 'postdate': ('2023-06-20',),
 'source': 'aljazeera'}
2023-08-24 11:07:12 [scrapy.core.scraper] DEBUG: Scraped from <200 https://www.aljazeera.com/asia-pacific>
{'category': 'asia-pacific',
 'headline': 'Not Japans trash bin: Anger as Fukushima water released into '
             'Pacific',
 'link': 'https://www.aljazeera.com/news/2023/8/24/japan-prepares-to-start-release-of-fukushima-radioactive-water',
 'postdate': ('2023-08-24',),
 'source': 'aljazeera'}
2023-08-24 11:07:12 [scrapy.core.scraper] DEBUG: Scraped from <200 https://www.aljazeera.com/asia-pacific>
{'category': 'asia-pacific',
 'headline': 'Another spy satellite failure for North Korea as rocket crashes '
             'into sea',
 'link': 'https://www.aljazeera.com/news/2023/8/24/north-koreas-second-spy-satellite-launch-ends-in-failure',
 'postdate': ('2023-08-24',),
 'source': 'aljazeera'}
2023-08-24 11:07:12 [scrapy.core.scraper] DEBUG: Scraped from <200 https://www.aljazeera.com/asia-pacific>
{'category': 'asia-pacific',
 'headline': 'UN Security Council condemns Myanmar military over unrelenting '
             'violence',
 'link': 'https://www.aljazeera.com/news/2023/8/24/un-security-council-condemns-myanmar-military-over-unrelenting-violence',
 'postdate': ('2023-08-24',),
 'source': 'aljazeera'}
2023-08-24 11:07:12 [scrapy.core.scraper] DEBUG: Scraped from <200 https://www.aljazeera.com/asia-pacific>
{'category': 'asia-pacific',
 'headline': 'US approves potential $500m sale of military equipment to Taiwan',
 'link': 'https://www.aljazeera.com/news/2023/8/23/us-approves-potential-500m-sale-of-military-equipment-to-taiwan',
 'postdate': ('2023-08-23',),
 'source': 'aljazeera'}
2023-08-24 11:07:12 [scrapy.core.scraper] DEBUG: Scraped from <200 https://www.aljazeera.com/asia-pacific>
{'category': 'asia-pacific',
 'headline': 'Thaksin taken to hospital hours after being jailed on return to '
             'Thailand',
 'link': 'https://www.aljazeera.com/news/2023/8/23/thaksin-taken-to-hospital-hours-after-being-jailed-on-return-to-thailand',
 'postdate': ('2023-08-23',),
 'source': 'aljazeera'}
2023-08-24 11:07:12 [scrapy.core.scraper] DEBUG: Scraped from <200 https://www.aljazeera.com/asia-pacific>
{'category': 'asia-pacific',
 'headline': 'Thaksin Shinawatra jailed after return to Thailand from '
             'years-long exile',
 'link': 'https://www.aljazeera.com/news/2023/8/22/thaksin-shinawatra-on-his-way-back-to-thailand-after-years-long-exile',
 'postdate': ('2023-08-22',),
 'source': 'aljazeera'}
2023-08-24 11:07:12 [scrapy.core.scraper] DEBUG: Scraped from <200 https://www.aljazeera.com/asia-pacific>
{'category': 'asia-pacific',
 'headline': 'UN urged to cut ties with Myanmar coup leaders after Griffiths '
             'visit',
 'link': 'https://www.aljazeera.com/news/2023/8/23/un-urged-to-cut-ties-with-myanmar-coup-leaders-after-griffiths-visit',
 'postdate': ('2023-08-23',),
 'source': 'aljazeera'}
2023-08-24 11:07:12 [scrapy.core.scraper] DEBUG: Scraped from <200 https://www.aljazeera.com/asia-pacific>
{'category': 'asia-pacific',
 'headline': 'Philippines supplies grounded South China Sea ship despite China '
             'threats',
 'link': 'https://www.aljazeera.com/news/2023/8/23/philippines-supplies-grounded-south-china-sea-ship-despite-china-threats',
 'postdate': ('2023-08-23',),
 'source': 'aljazeera'}
2023-08-24 11:07:12 [scrapy.core.scraper] DEBUG: Scraped from <200 https://www.aljazeera.com/asia-pacific>
{'category': 'asia-pacific',
 'headline': 'US imposes new China visa curbs over alleged forced assimilation '
             'in Tibet',
 'link': 'https://www.aljazeera.com/news/2023/8/23/us-imposes-new-china-visa-curbs-over-alleged-forced-assimilation-in-tibet',
 'postdate': ('2023-08-23',),
 'source': 'aljazeera'}
2023-08-24 11:07:12 [scrapy.core.scraper] DEBUG: Scraped from <200 https://www.aljazeera.com/asia-pacific>
{'category': 'asia-pacific',
 'headline': 'Srettha Thavisin elected Thailand PM as Thaksin returns from '
             'exile',
 'link': 'https://www.aljazeera.com/news/2023/8/22/srettha-thavisin-elected-thailand-pm-as-thaksin-returns-from-exile',
 'postdate': ('2023-08-22',),
 'source': 'aljazeera'}
2023-08-24 11:07:12 [scrapy.core.scraper] DEBUG: Scraped from <200 https://www.aljazeera.com/asia-pacific>
{'category': 'asia-pacific',
 'headline': 'Cambodia parliament elects Hun Sens son, Hun Manet, as new PM',
 'link': 'https://www.aljazeera.com/news/2023/8/22/cambodian-parliamentarians-elect-hun-sens-son-hun-manet-as-new-pm',
 'postdate': ('2023-08-22',),
 'source': 'aljazeera'}
2023-08-24 11:07:12 [scrapy.core.scraper] DEBUG: Scraped from <200 https://www.aljazeera.com/asia-pacific>
{'category': 'asia-pacific',
 'headline': 'Who is Srettha Thavisin, the man who could lead Thailand?',
 'link': 'https://www.aljazeera.com/news/2023/8/22/who-is-srettha-thavisin-the-man-who-could-lead-thailand',
 'postdate': ('2023-08-22',),
 'source': 'aljazeera'}
2023-08-24 11:07:12 [scrapy.core.scraper] DEBUG: Scraped from <200 https://www.aljazeera.com/asia-pacific>
{'category': 'asia-pacific',
 'headline': 'Japan to start releasing Fukushima water from Thursday',
 'link': 'https://www.aljazeera.com/news/2023/8/22/japan-to-start-releasing-fukushima-water-from-thursday',
 'postdate': ('2023-08-22',),
 'source': 'aljazeera'}
2023-08-24 11:07:12 [scrapy.core.scraper] DEBUG: Scraped from <200 https://www.aljazeera.com/asia-pacific>
{'category': 'asia-pacific',
 'headline': 'North Korea plans second spy satellite launch in coming days: '
             'Japan',
 'link': 'https://www.aljazeera.com/news/2023/8/22/north-korea-plans-second-spy-satellite-launch-in-coming-days-japan',
 'postdate': ('2023-08-22',),
 'source': 'aljazeera'}
2023-08-24 11:07:12 [scrapy.core.engine] DEBUG: Crawled (200) <GET https://www.aljazeera.com/latin-america> (referer: None)
2023-08-24 11:07:13 [scrapy.core.scraper] DEBUG: Scraped from <200 https://www.aljazeera.com/latin-america>
{'category': 'latin-america',
 'headline': 'Can BRICS dethrone the US dollar? Itll be an uphill climb, '
             'experts say',
 'link': 'https://www.aljazeera.com/features/2023/8/24/can-brics-dethrone-the-us-dollar-itll-be-an-uphill-climb-experts-say',
 'postdate': ('2023-08-24',),
 'source': 'aljazeera'}
2023-08-24 11:07:13 [scrapy.core.scraper] DEBUG: Scraped from <200 https://www.aljazeera.com/latin-america>
{'category': 'latin-america',
 'headline': 'Franklin makes landfall, brings heavy rain to Dominican Republic '
             'and Haiti',
 'link': 'https://www.aljazeera.com/news/2023/8/23/franklin-makes-landfall-brings-heavy-rain-to-dominican-republic-and-haiti',
 'postdate': ('2023-08-23',),
 'source': 'aljazeera'}
2023-08-24 11:07:13 [scrapy.core.scraper] DEBUG: Scraped from <200 https://www.aljazeera.com/latin-america>
{'category': 'latin-america',
 'headline': 'India fully supports BRICS expansion as summit continues',
 'link': 'https://www.aljazeera.com/news/2023/8/23/india-fully-supports-brics-expansion-as-summit-continues',
 'postdate': ('2023-08-23',),
 'source': 'aljazeera'}
2023-08-24 11:07:13 [scrapy.core.scraper] DEBUG: Scraped from <200 https://www.aljazeera.com/latin-america>
{'category': 'latin-america',
 'headline': 'At least 15 killed after a bus carrying mostly migrants crashes '
             'in Mexico',
 'link': 'https://www.aljazeera.com/news/2023/8/22/at-least-15-killed-after-a-bus-carrying-mostly-migrants-crashes-in-mexico',
 'postdate': ('2023-08-22',),
 'source': 'aljazeera'}
2023-08-24 11:07:13 [scrapy.core.scraper] DEBUG: Scraped from <200 https://www.aljazeera.com/latin-america>
{'category': 'latin-america',
 'headline': 'Tropical Storm Franklin bears down on Haiti, Dominican Republic',
 'link': 'https://www.aljazeera.com/news/2023/8/22/tropical-storm-franklin-bears-down-on-haiti-dominican-republic',
 'postdate': ('2023-08-22',),
 'source': 'aljazeera'}
2023-08-24 11:07:13 [scrapy.core.scraper] DEBUG: Scraped from <200 https://www.aljazeera.com/latin-america>
{'category': 'latin-america',
 'headline': 'Wind-powered cargo ship sets sail on maiden voyage',
 'link': 'https://www.aljazeera.com/news/2023/8/22/wind-powered-cargo-ship-sets-sail-on-maiden-voyage',
 'postdate': ('2023-08-22',),
 'source': 'aljazeera'}
2023-08-24 11:07:13 [scrapy.core.scraper] DEBUG: Scraped from <200 https://www.aljazeera.com/latin-america>
{'category': 'latin-america',
 'headline': 'The secret to Colombias drop in deforestation? Armed groups',
 'link': 'https://www.aljazeera.com/news/2023/8/22/the-secret-to-colombias-drop-in-deforestation-armed-groups',
 'postdate': ('2023-08-22',),
 'source': 'aljazeera'}
2023-08-24 11:07:13 [scrapy.core.scraper] DEBUG: Scraped from <200 https://www.aljazeera.com/latin-america>
{'category': 'latin-america',
 'headline': 'After a deadly campaign, can Ecuadors election bring peace?',
 'link': 'https://www.aljazeera.com/podcasts/2023/8/22/after-a-deadly-campaign-can-ecuadors-election-bring-peace',
 'postdate': ('2023-08-22',),
 'source': 'aljazeera'}
2023-08-24 11:07:13 [scrapy.core.scraper] DEBUG: Scraped from <200 https://www.aljazeera.com/latin-america>
{'category': 'latin-america',
 'headline': 'BRICS expansion could be a bad idea. Heres why',
 'link': 'https://www.aljazeera.com/opinions/2023/8/22/brics-that-expand-too-fast-can-fall-apart',
 'postdate': ('2023-08-22',),
 'source': 'aljazeera'}
2023-08-24 11:07:13 [scrapy.core.scraper] DEBUG: Scraped from <200 https://www.aljazeera.com/latin-america>
{'category': 'latin-america',
 'headline': 'Can BRICS create a new world order?',
 'link': 'https://www.aljazeera.com/features/2023/8/22/can-brics-create-a-new-world-order',
 'postdate': ('2023-08-22',),
 'source': 'aljazeera'}
2023-08-24 11:07:13 [scrapy.core.scraper] DEBUG: Scraped from <200 https://www.aljazeera.com/latin-america>
{'category': 'latin-america',
 'headline': 'Historic: Ecuador voters reject oil drilling in Amazon protected '
             'area',
 'link': 'https://www.aljazeera.com/news/2023/8/21/historic-ecuador-voters-reject-oil-drilling-in-amazon-protected-area',
 'postdate': ('2023-08-21',),
 'source': 'aljazeera'}
2023-08-24 11:07:13 [scrapy.core.scraper] DEBUG: Scraped from <200 https://www.aljazeera.com/latin-america>
{'category': 'latin-america',
 'headline': 'Calls for smooth transition as Arevalo wins Guatemala '
             'presidential election',
 'link': 'https://www.aljazeera.com/news/2023/8/21/calls-for-smooth-transition-as-arevalo-wins-guatemala-presidential-election',
 'postdate': ('2023-08-21',),
 'source': 'aljazeera'}
2023-08-24 11:07:13 [scrapy.core.scraper] DEBUG: Scraped from <200 https://www.aljazeera.com/latin-america>
{'category': 'latin-america',
 'headline': 'Ecuador election headed for run-off with left-wing Gonzalez in '
             'lead',
 'link': 'https://www.aljazeera.com/news/2023/8/21/ecuador-elections-headed-for-run-off-with-leftist-gonzalez-in-lead',
 'postdate': ('2023-08-21',),
 'source': 'aljazeera'}
2023-08-24 11:07:13 [scrapy.core.scraper] DEBUG: Scraped from <200 https://www.aljazeera.com/latin-america>
{'category': 'latin-america',
 'headline': 'Arevalo wins Guatemala presidency in landslide amid hopes for '
             'change',
 'link': 'https://www.aljazeera.com/news/2023/8/21/arevalo-wins-guatemala-presidency-in-landslide-amid-hopes-for-change',
 'postdate': ('2023-08-21',),
 'source': 'aljazeera'}
2023-08-24 11:07:14 [scrapy.downloadermiddlewares.redirect] DEBUG: Redirecting (301) to <GET https://www.aljazeera.com/sports/> from <GET https://www.aljazeera.com/sports>
2023-08-24 11:07:15 [scrapy.core.engine] DEBUG: Crawled (200) <GET https://www.aljazeera.com/asia/> (referer: None)
2023-08-24 11:07:15 [scrapy.core.scraper] DEBUG: Scraped from <200 https://www.aljazeera.com/asia/>
{'category': 'asia',
 'headline': 'Rover exits Indias Chandrayaan-3 spacecraft to explore moons '
             'south pole',
 'link': 'https://www.aljazeera.com/news/2023/8/24/chandrayaan-3-rover-takes-walk-on-moon-as-india-celebrates-historic-feat',
 'postdate': ('2023-08-24',),
 'source': 'aljazeera'}
2023-08-24 11:07:15 [scrapy.core.scraper] DEBUG: Scraped from <200 https://www.aljazeera.com/asia/>
{'category': 'asia',
 'headline': 'Can BRICS dethrone the US dollar? Itll be an uphill climb, '
             'experts say',
 'link': 'https://www.aljazeera.com/features/2023/8/24/can-brics-dethrone-the-us-dollar-itll-be-an-uphill-climb-experts-say',
 'postdate': ('2023-08-24',),
 'source': 'aljazeera'}
2023-08-24 11:07:15 [scrapy.core.scraper] DEBUG: Scraped from <200 https://www.aljazeera.com/asia/>
{'category': 'asia',
 'headline': 'How did the world react to Indias historic moon landing?',
 'link': 'https://www.aljazeera.com/news/2023/8/23/how-did-the-world-react-to-indias-historic-moon-landing',
 'postdate': ('2023-08-23',),
 'source': 'aljazeera'}
2023-08-24 11:07:15 [scrapy.core.scraper] DEBUG: Scraped from <200 https://www.aljazeera.com/asia/>
{'category': 'asia',
 'headline': 'How the locals stepped in for dangling cable car rescue in '
             'Pakistan',
 'link': 'https://www.aljazeera.com/news/2023/8/23/how-the-locals-stepped-in-for-dangling-cable-car-rescue-in-pakistan',
 'postdate': ('2023-08-23',),
 'source': 'aljazeera'}
2023-08-24 11:07:15 [scrapy.core.scraper] DEBUG: Scraped from <200 https://www.aljazeera.com/asia/>
{'category': 'asia',
 'headline': 'Floods force evacuation of almost 100,000 in Pakistan',
 'link': 'https://www.aljazeera.com/news/2023/8/23/floods-force-evacuation-of-almost-100000-in-pakistan',
 'postdate': ('2023-08-23',),
 'source': 'aljazeera'}
2023-08-24 11:07:15 [scrapy.core.scraper] DEBUG: Scraped from <200 https://www.aljazeera.com/asia/>
{'category': 'asia',
 'headline': 'India lands spacecraft near moons south pole',
 'link': 'https://www.aljazeera.com/news/2023/8/23/india-lands-chandrayaan-3-craft-on-moon-asserting-its-place-in-space-tech',
 'postdate': ('2023-08-23',),
 'source': 'aljazeera'}
2023-08-24 11:07:15 [scrapy.core.scraper] DEBUG: Scraped from <200 https://www.aljazeera.com/asia/>
{'category': 'asia',
 'headline': 'India fully supports BRICS expansion as summit continues',
 'link': 'https://www.aljazeera.com/news/2023/8/23/india-fully-supports-brics-expansion-as-summit-continues',
 'postdate': ('2023-08-23',),
 'source': 'aljazeera'}
2023-08-24 11:07:15 [scrapy.core.scraper] DEBUG: Scraped from <200 https://www.aljazeera.com/asia/>
{'category': 'asia',
 'headline': 'What explains the race among nations to reach the moons south '
             'pole?',
 'link': 'https://www.aljazeera.com/news/2023/8/23/what-explains-the-race-among-nations-to-reach-the-moons-south-pole',
 'postdate': ('2023-08-23',),
 'source': 'aljazeera'}
2023-08-24 11:07:15 [scrapy.core.scraper] DEBUG: Scraped from <200 https://www.aljazeera.com/asia/>
{'category': 'asia',
 'headline': 'I dont feel safe anymore: Pakistan Christians in fear after mob '
             'violence',
 'link': 'https://www.aljazeera.com/news/2023/8/23/pakistan-christians-in-fear-after-blasphemy-allegations-trigger-violence',
 'postdate': ('2023-08-23',),
 'source': 'aljazeera'}
2023-08-24 11:07:15 [scrapy.core.scraper] DEBUG: Scraped from <200 https://www.aljazeera.com/asia/>
{'category': 'asia',
 'headline': 'India moon landing updates: Chandrayaan-3 makes space history',
 'link': 'https://www.aljazeera.com/news/liveblog/2023/8/23/india-moon-landing-live-news-isro-says-smooth-sailing-for-chandrayaan-3',
 'postdate': ('2023-08-23',),
 'source': 'aljazeera'}
2023-08-24 11:07:15 [scrapy.core.scraper] DEBUG: Scraped from <200 https://www.aljazeera.com/asia/>
{'category': 'asia',
 'headline': 'At least 26 killed after railway bridge collapses in Indias '
             'Mizoram state',
 'link': 'https://www.aljazeera.com/news/2023/8/23/many-killed-in-railway-bridge-collapse-in-indias-mizoram-state',
 'postdate': ('2023-08-23',),
 'source': 'aljazeera'}
2023-08-24 11:07:15 [scrapy.core.scraper] DEBUG: Scraped from <200 https://www.aljazeera.com/asia/>
{'category': 'asia',
 'headline': 'Photos: India counts down to historic moon landing',
 'link': 'https://www.aljazeera.com/gallery/2023/8/23/photos-india-counts-down-to-historic-moon-landing',
 'postdate': ('2023-08-23',),
 'source': 'aljazeera'}
2023-08-24 11:07:15 [scrapy.core.scraper] DEBUG: Scraped from <200 https://www.aljazeera.com/asia/>
{'category': 'asia',
 'headline': 'Chandrayaan-3: Historic India mission for moons south pole set '
             'for landing',
 'link': 'https://www.aljazeera.com/news/2023/8/23/chandrayaan-3-historic-india-mission-for-moons-south-pole-set-for-landing',
 'postdate': ('2023-08-23',),
 'source': 'aljazeera'}
2023-08-24 11:07:15 [scrapy.core.scraper] DEBUG: Scraped from <200 https://www.aljazeera.com/asia/>
{'category': 'asia',
 'headline': 'US imposes new China visa curbs over alleged forced assimilation '
             'in Tibet',
 'link': 'https://www.aljazeera.com/news/2023/8/23/us-imposes-new-china-visa-curbs-over-alleged-forced-assimilation-in-tibet',
 'postdate': ('2023-08-23',),
 'source': 'aljazeera'}
2023-08-24 11:07:17 [scrapy.core.engine] DEBUG: Crawled (200) <GET https://www.aljazeera.com/sports/> (referer: None)
2023-08-24 11:07:17 [scrapy.core.scraper] DEBUG: Scraped from <200 https://www.aljazeera.com/sports/>
{'category': 'sports',
 'headline': 'Spain government demands transparent and urgent probe into '
             'Rubiales kiss',
 'link': 'https://www.aljazeera.com/news/2023/8/23/spain-government-demands-transparent-and-urgent-probe-into-rubiales-kiss',
 'postdate': ('2023-08-23',),
 'source': 'aljazeera'}
2023-08-24 11:07:17 [scrapy.core.scraper] DEBUG: Scraped from <200 https://www.aljazeera.com/sports/>
{'category': 'sports',
 'headline': 'Absolute shambles: Criticism of Man Utd grows over Greenwood '
             'case',
 'link': 'https://www.aljazeera.com/sports/2023/8/23/criticism-manchester-united-handling-of-mason-greenwood-case',
 'postdate': ('2023-08-23',),
 'source': 'aljazeera'}
2023-08-24 11:07:17 [scrapy.core.scraper] DEBUG: Scraped from <200 https://www.aljazeera.com/sports/>
{'category': 'sports',
 'headline': 'Insufficient: Spain PM says football boss apology over kiss not '
             'enough',
 'link': 'https://www.aljazeera.com/sports/2023/8/22/spain-pm-says-football-boss-apology-over-kiss-insufficient',
 'postdate': ('2023-08-22',),
 'source': 'aljazeera'}
2023-08-24 11:07:17 [scrapy.core.scraper] DEBUG: Scraped from <200 https://www.aljazeera.com/sports/>
{'category': 'sports',
 'headline': 'Man City boss Pep Guardiola to miss two games after emergency '
             'back surgery',
 'link': 'https://www.aljazeera.com/sports/2023/8/22/manchester-city-pep-guardiola-to-miss-two-games-back-surgery',
 'postdate': ('2023-08-22',),
 'source': 'aljazeera'}
2023-08-24 11:07:17 [scrapy.core.scraper] DEBUG: Scraped from <200 https://www.aljazeera.com/sports/>
{'category': 'sports',
 'headline': 'India is waiting: Chess prodigy Praggnanandhaa takes on Magnus '
             'Carlsen',
 'link': 'https://www.aljazeera.com/sports/2023/8/22/india-rameshbabu-praggnanandhaa-chess-world-cup-final-carlsen',
 'postdate': ('2023-08-22',),
 'source': 'aljazeera'}
2023-08-24 11:07:17 [scrapy.core.scraper] DEBUG: Scraped from <200 https://www.aljazeera.com/sports/>
{'category': 'sports',
 'headline': 'Richardson claims gold for US in 100m at World Athletics '
             'Championship',
 'link': 'https://www.aljazeera.com/news/2023/8/22/richardson-trumps-jamaicans-for-stunning-womens-100m-gold',
 'postdate': ('2023-08-22',),
 'source': 'aljazeera'}
2023-08-24 11:07:17 [scrapy.core.scraper] DEBUG: Scraped from <200 https://www.aljazeera.com/sports/>
{'category': 'sports',
 'headline': 'Mason Greenwood to leave Manchester United following '
             'investigation',
 'link': 'https://www.aljazeera.com/sports/2023/8/21/mason-greenwood-to-leave-manchester-united-following-investigation',
 'postdate': ('2023-08-21',),
 'source': 'aljazeera'}
2023-08-24 11:07:17 [scrapy.core.scraper] DEBUG: Scraped from <200 https://www.aljazeera.com/sports/>
{'category': 'sports',
 'headline': 'Five must-see films on the overlooked champions of womens '
             'football',
 'link': 'https://www.aljazeera.com/news/2023/8/21/five-must-see-films-on-the-unsung-heroes-of-womens-football',
 'postdate': ('2023-08-21',),
 'source': 'aljazeera'}
2023-08-24 11:07:17 [scrapy.core.scraper] DEBUG: Scraped from <200 https://www.aljazeera.com/sports/>
{'category': 'sports',
 'headline': 'Spanish football chief criticised for kissing womens team player',
 'link': 'https://www.aljazeera.com/news/2023/8/21/spanish-football-chief-criticised-over-kissing-player',
 'postdate': ('2023-08-21',),
 'source': 'aljazeera'}
2023-08-24 11:07:17 [scrapy.core.scraper] DEBUG: Scraped from <200 https://www.aljazeera.com/sports/>
{'category': 'sports',
 'headline': 'Womens World Cup champions Spain set for long run among '
             'footballs elite',
 'link': 'https://www.aljazeera.com/sports/2023/8/21/womens-world-cup-champions-spain-football-elite',
 'postdate': ('2023-08-21',),
 'source': 'aljazeera'}
2023-08-24 11:07:17 [scrapy.core.scraper] DEBUG: Scraped from <200 https://www.aljazeera.com/sports/>
{'category': 'sports',
 'headline': 'The sleeping giant has awoken: The legacy of the 2023 Womens '
             'World Cup',
 'link': 'https://www.aljazeera.com/sports/2023/8/21/the-legacy-of-the-2023-womens-world-cup-australia-new-zealand',
 'postdate': ('2023-08-21',),
 'source': 'aljazeera'}
2023-08-24 11:07:17 [scrapy.core.scraper] DEBUG: Scraped from <200 https://www.aljazeera.com/sports/>
{'category': 'sports',
 'headline': 'We are equal: Spanish fans celebrate Womens World Cup win',
 'link': 'https://www.aljazeera.com/news/2023/8/20/we-are-equal-spanish-fans-celebrate-womens-world-cup-win',
 'postdate': ('2023-08-20',),
 'source': 'aljazeera'}
2023-08-24 11:07:17 [scrapy.core.scraper] DEBUG: Scraped from <200 https://www.aljazeera.com/sports/>
{'category': 'sports',
 'headline': 'Photos: Spain win first Womens World Cup, beating England 1-0',
 'link': 'https://www.aljazeera.com/gallery/2023/8/20/photos-spain-win-first-womens-world-cup-beating-england-1-0',
 'postdate': ('2023-08-20',),
 'source': 'aljazeera'}
2023-08-24 11:07:17 [scrapy.core.scraper] DEBUG: Scraped from <200 https://www.aljazeera.com/sports/>
{'category': 'sports',
 'headline': 'Spains Aitana Bonmati wins Golden Ball for top Womens World Cup '
             'player',
 'link': 'https://www.aljazeera.com/sports/2023/8/20/spains-aitana-bonmati-wins-golden-ball-womens-world-cup-2023',
 'postdate': ('2023-08-20',),
 'source': 'aljazeera'}
2023-08-24 11:07:17 [scrapy.core.engine] DEBUG: Crawled (200) <GET https://www.aljazeera.com/features> (referer: None)
2023-08-24 11:07:17 [scrapy.core.scraper] DEBUG: Scraped from <200 https://www.aljazeera.com/features>
{'category': 'features',
 'headline': 'Can BRICS dethrone the US dollar? Itll be an uphill climb, '
             'experts say',
 'link': 'https://www.aljazeera.com/features/2023/8/24/can-brics-dethrone-the-us-dollar-itll-be-an-uphill-climb-experts-say',
 'postdate': ('2023-08-24',),
 'source': 'aljazeera'}
2023-08-24 11:07:17 [scrapy.core.scraper] DEBUG: Scraped from <200 https://www.aljazeera.com/features>
{'category': 'features',
 'headline': 'Healthcare hits new lows in Somaliland as conflict continues',
 'link': 'https://www.aljazeera.com/features/2023/8/23/healthcare-reaches-new-lows-in-somaliland-as-conflict-hits-new-highs',
 'postdate': ('2023-08-23',),
 'source': 'aljazeera'}
2023-08-24 11:07:17 [scrapy.core.scraper] DEBUG: Scraped from <200 https://www.aljazeera.com/features>
{'category': 'features',
 'headline': 'David & Goliath: Zimbabwe opposition hopes to cause presidential '
             'upset',
 'link': 'https://www.aljazeera.com/features/2023/8/23/slaying-goliath-can-new-blood-surmount-old-guard-in-zimbabwe-election',
 'postdate': ('2023-08-23',),
 'source': 'aljazeera'}
2023-08-24 11:07:17 [scrapy.core.scraper] DEBUG: Scraped from <200 https://www.aljazeera.com/features>
{'category': 'features',
 'headline': 'Igniting hope: Young Zimbabweans rally to make their voices '
             'count',
 'link': 'https://www.aljazeera.com/features/2023/8/22/igniting-hope-young-zimbabweans-rally-to-make-their-voices-count',
 'postdate': ('2023-08-22',),
 'source': 'aljazeera'}
2023-08-24 11:07:17 [scrapy.core.scraper] DEBUG: Scraped from <200 https://www.aljazeera.com/features>
{'category': 'features',
 'headline': 'Second-class citizens: Zimbabwe politics stymies women '
             'involvement',
 'link': 'https://www.aljazeera.com/features/2023/8/22/another-zimbabwe-election-cycle-reveals-decline-of-women-in-politics',
 'postdate': ('2023-08-22',),
 'source': 'aljazeera'}
2023-08-24 11:07:17 [scrapy.core.scraper] DEBUG: Scraped from <200 https://www.aljazeera.com/features>
{'category': 'features',
 'headline': 'Will inheritance equality ever be up for debate in Tunisia?',
 'link': 'https://www.aljazeera.com/features/2023/8/22/will-inheritance-equality-ever-be-up-for-debate-in-tunisia',
 'postdate': ('2023-08-22',),
 'source': 'aljazeera'}
2023-08-24 11:07:17 [scrapy.core.scraper] DEBUG: Scraped from <200 https://www.aljazeera.com/features>
{'category': 'features',
 'headline': 'BRICS: A stalled acronym or champion of the Global South?',
 'link': 'https://www.aljazeera.com/economy/2023/8/22/can-brics-end-apartheid-against-the-global-south',
 'postdate': ('2023-08-22',),
 'source': 'aljazeera'}
2023-08-24 11:07:17 [scrapy.core.scraper] DEBUG: Scraped from <200 https://www.aljazeera.com/features>
{'category': 'features',
 'headline': 'Violence in Zimbabwes villages imperils hope of smooth elections',
 'link': 'https://www.aljazeera.com/features/2023/8/22/violence-in-zimbabwes-villages-imperils-hope-of-smooth-elections',
 'postdate': ('2023-08-22',),
 'source': 'aljazeera'}
2023-08-24 11:07:17 [scrapy.core.scraper] DEBUG: Scraped from <200 https://www.aljazeera.com/features>
{'category': 'features',
 'headline': 'Can BRICS create a new world order?',
 'link': 'https://www.aljazeera.com/features/2023/8/22/can-brics-create-a-new-world-order',
 'postdate': ('2023-08-22',),
 'source': 'aljazeera'}
2023-08-24 11:07:17 [scrapy.core.scraper] DEBUG: Scraped from <200 https://www.aljazeera.com/features>
{'category': 'features',
 'headline': 'Photos: Kenyas young Maasai reconnect with their culture',
 'link': 'https://www.aljazeera.com/gallery/2023/8/21/kenyas-young-maasai-reconnect-with-their-culture-at-eunoto-ceremony',
 'postdate': ('2023-08-21',),
 'source': 'aljazeera'}
2023-08-24 11:07:17 [scrapy.core.scraper] DEBUG: Scraped from <200 https://www.aljazeera.com/features>
{'category': 'features',
 'headline': 'My Fears and Hatred: Navalny lambasts the 1990s democrats of '
             'Russia',
 'link': 'https://www.aljazeera.com/features/2023/8/21/my-fear-and-hatred-navalny-lambasts-russias-democrats-of-the-1990s',
 'postdate': ('2023-08-21',),
 'source': 'aljazeera'}
2023-08-24 11:07:17 [scrapy.core.scraper] DEBUG: Scraped from <200 https://www.aljazeera.com/features>
{'category': 'features',
 'headline': 'History illustrated: Who stole the Mona Lisa?',
 'link': 'https://www.aljazeera.com/gallery/2023/8/21/history-illustrated-who-stole-the-mona-lisa',
 'postdate': ('2023-08-21',),
 'source': 'aljazeera'}
2023-08-24 11:07:17 [scrapy.core.scraper] DEBUG: Scraped from <200 https://www.aljazeera.com/features>
{'category': 'features',
 'headline': 'Timeline: How has the Niger crisis evolved since the coup?',
 'link': 'https://www.aljazeera.com/features/2023/8/20/timeline-what-has-happened-in-niger-since-the-coup',
 'postdate': ('2023-08-20',),
 'source': 'aljazeera'}
2023-08-24 11:07:17 [scrapy.core.scraper] DEBUG: Scraped from <200 https://www.aljazeera.com/features>
{'category': 'features',
 'headline': 'The Nigerian filmmaker reshaping Nollywood in her own image',
 'link': 'https://www.aljazeera.com/features/longform/2023/8/19/the-nigerian-filmmaker-reshaping-nollywood-in-her-own-image',
 'postdate': ('2023-08-19',),
 'source': 'aljazeera'}
2023-08-24 11:07:23 [scrapy.core.engine] DEBUG: Crawled (200) <GET https://www.aljazeera.com/africa/> (referer: None)
2023-08-24 11:07:23 [scrapy.core.scraper] DEBUG: Scraped from <200 https://www.aljazeera.com/africa/>
{'category': 'africa',
 'headline': 'Can BRICS dethrone the US dollar? Itll be an uphill climb, '
             'experts say',
 'link': 'https://www.aljazeera.com/features/2023/8/24/can-brics-dethrone-the-us-dollar-itll-be-an-uphill-climb-experts-say',
 'postdate': ('2023-08-24',),
 'source': 'aljazeera'}
2023-08-24 11:07:23 [scrapy.core.scraper] DEBUG: Scraped from <200 https://www.aljazeera.com/africa/>
{'category': 'africa',
 'headline': 'Wagner boss Prigozhin reported killed in plane crash',
 'link': 'https://www.aljazeera.com/news/liveblog/2023/8/24/russia-ukraine-war-live-wagner-chief-prigozhin-reported-dead-in-jet-crash',
 'postdate': ('2023-08-24',),
 'source': 'aljazeera'}
2023-08-24 11:07:23 [scrapy.core.scraper] DEBUG: Scraped from <200 https://www.aljazeera.com/africa/>
{'category': 'africa',
 'headline': 'Photos: Zimbabwe votes as President Mnangagwa seeks a second '
             'term',
 'link': 'https://www.aljazeera.com/gallery/2023/8/23/photos-zimbabwe-votes-as-president-mnangagwa-seeks-a-second-term',
 'postdate': ('2023-08-23',),
 'source': 'aljazeera'}
2023-08-24 11:07:23 [scrapy.core.scraper] DEBUG: Scraped from <200 https://www.aljazeera.com/africa/>
{'category': 'africa',
 'headline': 'Zimbabwe Votes',
 'link': 'https://www.aljazeera.com/program/between-us/2023/8/23/zimbabwe-votes',
 'postdate': ('2023-08-23',),
 'source': 'aljazeera'}
2023-08-24 11:07:23 [scrapy.core.scraper] DEBUG: Scraped from <200 https://www.aljazeera.com/africa/>
{'category': 'africa',
 'headline': 'India fully supports BRICS expansion as summit continues',
 'link': 'https://www.aljazeera.com/news/2023/8/23/india-fully-supports-brics-expansion-as-summit-continues',
 'postdate': ('2023-08-23',),
 'source': 'aljazeera'}
2023-08-24 11:07:23 [scrapy.core.scraper] DEBUG: Scraped from <200 https://www.aljazeera.com/africa/>
{'category': 'africa',
 'headline': 'Healthcare hits new lows in Somaliland as conflict continues',
 'link': 'https://www.aljazeera.com/features/2023/8/23/healthcare-reaches-new-lows-in-somaliland-as-conflict-hits-new-highs',
 'postdate': ('2023-08-23',),
 'source': 'aljazeera'}
2023-08-24 11:07:23 [scrapy.core.scraper] DEBUG: Scraped from <200 https://www.aljazeera.com/africa/>
{'category': 'africa',
 'headline': 'Delays at some polling stations as voting begins in Zimbabwe '
             'election',
 'link': 'https://www.aljazeera.com/news/2023/8/23/delays-at-some-polling-stations-as-voting-begins-in-zimbabwe-election',
 'postdate': ('2023-08-23',),
 'source': 'aljazeera'}
2023-08-24 11:07:23 [scrapy.core.scraper] DEBUG: Scraped from <200 https://www.aljazeera.com/africa/>
{'category': 'africa',
 'headline': 'David & Goliath: Zimbabwe opposition hopes to cause presidential '
             'upset',
 'link': 'https://www.aljazeera.com/features/2023/8/23/slaying-goliath-can-new-blood-surmount-old-guard-in-zimbabwe-election',
 'postdate': ('2023-08-23',),
 'source': 'aljazeera'}
2023-08-24 11:07:23 [scrapy.core.scraper] DEBUG: Scraped from <200 https://www.aljazeera.com/africa/>
{'category': 'africa',
 'headline': 'Zimbabwe election news updates: Chamisa decries delay as voting '
             'continues',
 'link': 'https://www.aljazeera.com/news/liveblog/2023/8/23/zimbabwe-election-live-news-polls-set-to-open-in-crucial-presidential-vote',
 'postdate': ('2023-08-23',),
 'source': 'aljazeera'}
2023-08-24 11:07:23 [scrapy.core.scraper] DEBUG: Scraped from <200 https://www.aljazeera.com/africa/>
{'category': 'africa',
 'headline': 'Hegemonism not in Chinas DNA: Xi calls for BRICS expansion',
 'link': 'https://www.aljazeera.com/economy/2023/8/23/hegemonism-not-in-chinas-dna-xi-calls-for-brics-expansion',
 'postdate': ('2023-08-23',),
 'source': 'aljazeera'}
2023-08-24 11:07:23 [scrapy.core.scraper] DEBUG: Scraped from <200 https://www.aljazeera.com/africa/>
{'category': 'africa',
 'headline': 'Igniting hope: Young Zimbabweans rally to make their voices '
             'count',
 'link': 'https://www.aljazeera.com/features/2023/8/22/igniting-hope-young-zimbabweans-rally-to-make-their-voices-count',
 'postdate': ('2023-08-22',),
 'source': 'aljazeera'}
2023-08-24 11:07:23 [scrapy.core.scraper] DEBUG: Scraped from <200 https://www.aljazeera.com/africa/>
{'category': 'africa',
 'headline': 'Second-class citizens: Zimbabwe politics stymies women '
             'involvement',
 'link': 'https://www.aljazeera.com/features/2023/8/22/another-zimbabwe-election-cycle-reveals-decline-of-women-in-politics',
 'postdate': ('2023-08-22',),
 'source': 'aljazeera'}
2023-08-24 11:07:23 [scrapy.core.scraper] DEBUG: Scraped from <200 https://www.aljazeera.com/africa/>
{'category': 'africa',
 'headline': 'Wind-powered cargo ship sets sail on maiden voyage',
 'link': 'https://www.aljazeera.com/news/2023/8/22/wind-powered-cargo-ship-sets-sail-on-maiden-voyage',
 'postdate': ('2023-08-22',),
 'source': 'aljazeera'}
2023-08-24 11:07:23 [scrapy.core.scraper] DEBUG: Scraped from <200 https://www.aljazeera.com/africa/>
{'category': 'africa',
 'headline': 'BRICS: A stalled acronym or champion of the Global South?',
 'link': 'https://www.aljazeera.com/economy/2023/8/22/can-brics-end-apartheid-against-the-global-south',
 'postdate': ('2023-08-22',),
 'source': 'aljazeera'}
2023-08-24 11:07:23 [scrapy.core.engine] INFO: Closing spider (finished)
2023-08-24 11:07:23 [scrapy.statscollectors] INFO: Dumping Scrapy stats:
{'downloader/request_bytes': 3460,
 'downloader/request_count': 15,
 'downloader/request_method_count/GET': 15,
 'downloader/response_bytes': 520910,
 'downloader/response_count': 15,
 'downloader/response_status_count/200': 12,
 'downloader/response_status_count/301': 3,
 'elapsed_time_seconds': 18.443844,
 'finish_reason': 'finished',
 'finish_time': datetime.datetime(2023, 8, 24, 8, 7, 23, 828188),
 'httpcompression/response_bytes': 2134368,
 'httpcompression/response_count': 12,
 'item_scraped_count': 158,
 'log_count/DEBUG': 176,
 'log_count/INFO': 11,
 'memusage/max': 66224128,
 'memusage/startup': 66224128,
 'response_received_count': 12,
 'scheduler/dequeued': 15,
 'scheduler/dequeued/memory': 15,
 'scheduler/enqueued': 15,
 'scheduler/enqueued/memory': 15,
 'start_time': datetime.datetime(2023, 8, 24, 8, 7, 5, 384344)}
2023-08-24 11:07:23 [scrapy.core.engine] INFO: Spider closed (finished)
